2018-10-09 10:41:18.858  INFO 6772 --- [main] com.logback.test.LogbackApplication      : Starting LogbackApplication on Win-1805091307 with PID 6772 (D:\project\javaweb\logback\target\classes started by Administrator in D:\project\javaweb\logback)
2018-10-09 10:41:18.863  INFO 6772 --- [main] com.logback.test.LogbackApplication      : No active profile set, falling back to default profiles: default
2018-10-09 10:41:18.935  INFO 6772 --- [main] ConfigServletWebServerApplicationContext : Refreshing org.springframework.boot.web.servlet.context.AnnotationConfigServletWebServerApplicationContext@327bcebd: startup date [Tue Oct 09 10:41:18 CST 2018]; root of context hierarchy
2018-10-09 10:41:21.503  INFO 6772 --- [main] o.s.b.w.embedded.tomcat.TomcatWebServer  : Tomcat initialized with port(s): 8080 (http)
2018-10-09 10:41:21.560  INFO 6772 --- [main] o.apache.catalina.core.StandardService   : Starting service [Tomcat]
2018-10-09 10:41:21.561  INFO 6772 --- [main] org.apache.catalina.core.StandardEngine  : Starting Servlet Engine: Apache Tomcat/8.5.34
2018-10-09 10:41:21.568  INFO 6772 --- [localhost-startStop-1] o.a.catalina.core.AprLifecycleListener   : The APR based Apache Tomcat Native library which allows optimal performance in production environments was not found on the java.library.path: [C:\zscool\soft\jdk1.8.0_181\bin;C:\windows\Sun\Java\bin;C:\windows\system32;C:\windows;C:\Program Files\Docker\Docker\Resources\bin;C:\Program Files (x86)\Common Files\Oracle\Java\javapath;C:\windows\system32;C:\windows;C:\windows\System32\Wbem;C:\zscool\soft\svn\bin;C:\zscool\info\web\apache-maven-3.3.9-bin\apache-maven-3.3.9\bin;C:\zscool\soft\jdk1.8.0_181\bin;C:\zscool\info\web\xampp\mysql\bin;C:\zscool\soft\erl10.0.1\bin;C:\zscool\soft\Git\cmd;C:\zscool\soft\node-v8.11.4-win-x64;C:\zscool\soft\python;;C:\zscool\soft\Instant Client\bin;C:\zscool\soft\python\Scripts\;C:\zscool\soft\python\;C:\Users\Administrator\AppData\Local\Microsoft\WindowsApps;;C:\zscool\soft\Fiddler;.]
2018-10-09 10:41:21.792  INFO 6772 --- [localhost-startStop-1] o.a.c.c.C.[Tomcat].[localhost].[/]       : Initializing Spring embedded WebApplicationContext
2018-10-09 10:41:21.792  INFO 6772 --- [localhost-startStop-1] o.s.web.context.ContextLoader            : Root WebApplicationContext: initialization completed in 2858 ms
2018-10-09 10:41:21.936  INFO 6772 --- [localhost-startStop-1] o.s.b.w.servlet.ServletRegistrationBean  : Servlet dispatcherServlet mapped to [/]
2018-10-09 10:41:21.945  INFO 6772 --- [localhost-startStop-1] o.s.b.w.servlet.FilterRegistrationBean   : Mapping filter: 'characterEncodingFilter' to: [/*]
2018-10-09 10:41:21.946  INFO 6772 --- [localhost-startStop-1] o.s.b.w.servlet.FilterRegistrationBean   : Mapping filter: 'hiddenHttpMethodFilter' to: [/*]
2018-10-09 10:41:21.946  INFO 6772 --- [localhost-startStop-1] o.s.b.w.servlet.FilterRegistrationBean   : Mapping filter: 'httpPutFormContentFilter' to: [/*]
2018-10-09 10:41:21.946  INFO 6772 --- [localhost-startStop-1] o.s.b.w.servlet.FilterRegistrationBean   : Mapping filter: 'requestContextFilter' to: [/*]
2018-10-09 10:41:22.228  INFO 6772 --- [main] o.s.w.s.handler.SimpleUrlHandlerMapping  : Mapped URL path [/**/favicon.ico] onto handler of type [class org.springframework.web.servlet.resource.ResourceHttpRequestHandler]
2018-10-09 10:41:22.579  INFO 6772 --- [main] s.w.s.m.m.a.RequestMappingHandlerAdapter : Looking for @ControllerAdvice: org.springframework.boot.web.servlet.context.AnnotationConfigServletWebServerApplicationContext@327bcebd: startup date [Tue Oct 09 10:41:18 CST 2018]; root of context hierarchy
2018-10-09 10:41:22.692  INFO 6772 --- [main] s.w.s.m.m.a.RequestMappingHandlerMapping : Mapped "{[/error]}" onto public org.springframework.http.ResponseEntity<java.util.Map<java.lang.String, java.lang.Object>> org.springframework.boot.autoconfigure.web.servlet.error.BasicErrorController.error(javax.servlet.http.HttpServletRequest)
2018-10-09 10:41:22.694  INFO 6772 --- [main] s.w.s.m.m.a.RequestMappingHandlerMapping : Mapped "{[/error],produces=[text/html]}" onto public org.springframework.web.servlet.ModelAndView org.springframework.boot.autoconfigure.web.servlet.error.BasicErrorController.errorHtml(javax.servlet.http.HttpServletRequest,javax.servlet.http.HttpServletResponse)
2018-10-09 10:41:22.737  INFO 6772 --- [main] o.s.w.s.handler.SimpleUrlHandlerMapping  : Mapped URL path [/webjars/**] onto handler of type [class org.springframework.web.servlet.resource.ResourceHttpRequestHandler]
2018-10-09 10:41:22.737  INFO 6772 --- [main] o.s.w.s.handler.SimpleUrlHandlerMapping  : Mapped URL path [/**] onto handler of type [class org.springframework.web.servlet.resource.ResourceHttpRequestHandler]
2018-10-09 10:41:23.055  INFO 6772 --- [main] o.s.ui.freemarker.SpringTemplateLoader   : SpringTemplateLoader for FreeMarker: using resource loader [org.springframework.boot.web.servlet.context.AnnotationConfigServletWebServerApplicationContext@327bcebd: startup date [Tue Oct 09 10:41:18 CST 2018]; root of context hierarchy] and template loader path [classpath:/templates/]
2018-10-09 10:41:23.056  INFO 6772 --- [main] o.s.w.s.v.f.FreeMarkerConfigurer         : ClassTemplateLoader for Spring macros added to FreeMarker configuration
2018-10-09 10:41:23.098  WARN 6772 --- [main] o.s.b.a.f.FreeMarkerAutoConfiguration    : Cannot find template location(s): [classpath:/templates/] (please add some templates, check your FreeMarker configuration, or set spring.freemarker.checkTemplateLocation=false)
2018-10-09 10:41:23.165  INFO 6772 --- [main] o.s.j.e.a.AnnotationMBeanExporter        : Registering beans for JMX exposure on startup
2018-10-09 10:41:23.225  INFO 6772 --- [main] o.s.b.w.embedded.tomcat.TomcatWebServer  : Tomcat started on port(s): 8080 (http) with context path ''
2018-10-09 10:41:23.234  INFO 6772 --- [main] com.logback.test.LogbackApplication      : Started LogbackApplication in 6.579 seconds (JVM running for 8.427)
